<?xml version="1.0" encoding="UTF-8"?>
<!-- Generated by org.testng.reporters.JUnitReportReporter -->
<testsuite skipped="0" hostname="RITESH" name="MavenDemo.MavenDemo.NewTest" tests="1" failures="0" timestamp="10 Oct 2018 13:35:34 GMT" time="0.014" errors="0">
  <testcase name="loginTest" time="0.014" classname="MavenDemo.MavenDemo.NewTest"/>
</testsuite> <!-- MavenDemo.MavenDemo.NewTest -->
