<?xml version="1.0" encoding="UTF-8"?>
<!-- Generated by org.testng.reporters.JUnitReportReporter -->
<testsuite skipped="0" hostname="RITESH" name="MavenDemo.MavenDemo.LogoutTest" tests="1" failures="0" timestamp="12 Oct 2018 08:30:33 GMT" time="8.215" errors="0">
  <testcase name="logoutTest" time="8.215" classname="MavenDemo.MavenDemo.LogoutTest"/>
</testsuite> <!-- MavenDemo.MavenDemo.LogoutTest -->
