<?xml version="1.0" encoding="UTF-8"?>
<!-- Generated by org.testng.reporters.JUnitReportReporter -->
<testsuite skipped="0" hostname="RITESH" name="MavenDemo.MavenDemo.LoginTest" tests="1" failures="0" timestamp="12 Oct 2018 08:30:33 GMT" time="5.598" errors="0">
  <testcase name="loginTest" time="5.598" classname="MavenDemo.MavenDemo.LoginTest"/>
</testsuite> <!-- MavenDemo.MavenDemo.LoginTest -->
