<?xml version="1.0" encoding="UTF-8"?>
<!-- Generated by org.testng.reporters.JUnitReportReporter -->
<testsuite skipped="0" hostname="RITESH" name="MavenDemo.MavenDemo.LogoutTest" tests="1" failures="0" timestamp="12 Oct 2018 10:02:21 GMT" time="35.379" errors="0">
  <testcase name="logoutTest" time="35.379" classname="MavenDemo.MavenDemo.LogoutTest"/>
</testsuite> <!-- MavenDemo.MavenDemo.LogoutTest -->
